[debug] [2019-06-12T22:00:27.810Z] ----------------------------------------------------------------------
[debug] [2019-06-12T22:00:27.813Z] Command:       /Users/xp/.nvm/versions/node/v8.15.0/bin/node /Users/xp/.nvm/versions/node/v8.15.0/bin/firebase deploy
[debug] [2019-06-12T22:00:27.813Z] CLI Version:   6.11.0
[debug] [2019-06-12T22:00:27.813Z] Platform:      darwin
[debug] [2019-06-12T22:00:27.813Z] Node Version:  v8.15.0
[debug] [2019-06-12T22:00:27.815Z] Time:          Thu Jun 13 2019 00:00:27 GMT+0200 (CEST)
[debug] [2019-06-12T22:00:27.815Z] ----------------------------------------------------------------------
[debug] 
[debug] [2019-06-12T22:00:27.829Z] > command requires scopes: ["email","openid","https://www.googleapis.com/auth/cloudplatformprojects.readonly","https://www.googleapis.com/auth/firebase","https://www.googleapis.com/auth/cloud-platform"]
[debug] [2019-06-12T22:00:27.830Z] > authorizing via signed-in user
[debug] [2019-06-12T22:00:27.830Z] [iam] checking project check-tasks for permissions ["cloudfunctions.functions.create","cloudfunctions.functions.delete","cloudfunctions.functions.get","cloudfunctions.functions.list","cloudfunctions.functions.update","cloudfunctions.operations.get","firebase.projects.get","firebasedatabase.instances.update"]
[debug] [2019-06-12T22:00:27.832Z] >>> HTTP REQUEST POST https://cloudresourcemanager.googleapis.com/v1/projects/check-tasks:testIamPermissions  

[debug] [2019-06-12T22:00:29.172Z] <<< HTTP RESPONSE 200
[debug] [2019-06-12T22:00:29.176Z] >>> HTTP REQUEST GET https://firebase.googleapis.com/v1beta1/projects/check-tasks  
 
[debug] [2019-06-12T22:00:29.390Z] <<< HTTP RESPONSE 200
[info] 
[info] === Deploying to 'check-tasks'...
[info] 
[info] i  deploying database, functions
[info] Running command: npm --prefix "$RESOURCE_DIR" run lint
[info] ✔  functions: Finished running predeploy script.
[info] i  database: checking rules syntax...
[debug] [2019-06-12T22:00:34.107Z] >>> HTTP REQUEST PUT https://check-tasks.firebaseio.com/.settings/rules.json?dryRun=true  
 {
  "rules": {
    ".read": "auth != null",
    ".write": "auth != null"
  }
}
[debug] [2019-06-12T22:00:37.082Z] <<< HTTP RESPONSE 200
[info] ✔  database: rules syntax for database check-tasks is valid
[debug] [2019-06-12T22:00:37.086Z] > [functions] package.json contents: {
  "name": "functions",
  "description": "Cloud Functions for Firebase",
  "scripts": {
    "lint": "eslint .",
    "serve": "firebase serve --only functions",
    "shell": "firebase functions:shell",
    "start": "npm run shell",
    "deploy": "firebase deploy --only functions",
    "logs": "firebase functions:log"
  },
  "engines": {
    "node": "8"
  },
  "dependencies": {
    "firebase-admin": "~7.0.0",
    "firebase-functions": "^2.3.0"
  },
  "devDependencies": {
    "eslint": "^5.12.0",
    "eslint-plugin-promise": "^4.0.1",
    "firebase-functions-test": "^0.1.6"
  },
  "private": true
}
[info] i  functions: ensuring necessary APIs are enabled...
[debug] [2019-06-12T22:00:37.087Z] >>> HTTP REQUEST GET https://servicemanagement.googleapis.com/v1/services/cloudfunctions.googleapis.com/projectSettings/check-tasks?view=CONSUMER_VIEW  
 
[debug] [2019-06-12T22:00:37.089Z] >>> HTTP REQUEST GET https://servicemanagement.googleapis.com/v1/services/runtimeconfig.googleapis.com/projectSettings/check-tasks?view=CONSUMER_VIEW  
 
[debug] [2019-06-12T22:00:38.971Z] <<< HTTP RESPONSE 200
[debug] [2019-06-12T22:00:38.976Z] <<< HTTP RESPONSE 200
[info] ✔  functions: all necessary APIs are enabled
[debug] [2019-06-12T22:00:38.977Z] >>> HTTP REQUEST GET https://cloudresourcemanager.googleapis.com/v1/projects/check-tasks  
 
[debug] [2019-06-12T22:00:39.973Z] <<< HTTP RESPONSE 200
[debug] [2019-06-12T22:00:39.974Z] >>> HTTP REQUEST GET https://mobilesdk-pa.googleapis.com/v1/projects/806572063767:getServerAppConfig  
 
[debug] [2019-06-12T22:00:40.176Z] <<< HTTP RESPONSE 200
[info] i  functions: preparing functions directory for uploading...
[debug] [2019-06-12T22:00:40.181Z] >>> HTTP REQUEST GET https://runtimeconfig.googleapis.com/v1beta1/projects/check-tasks/configs  
 
[debug] [2019-06-12T22:00:40.405Z] <<< HTTP RESPONSE 200
[info] i  functions: packaged functions (40.43 KB) for uploading
[debug] [2019-06-12T22:00:40.687Z] >>> HTTP REQUEST POST https://cloudfunctions.googleapis.com/v1/projects/check-tasks/locations/us-central1/functions:generateUploadUrl  
 
[debug] [2019-06-12T22:00:40.990Z] <<< HTTP RESPONSE 200
[debug] [2019-06-12T22:00:40.992Z] >>> HTTP REQUEST PUT https://storage.googleapis.com/gcf-upload-us-central1-0b7e0f2b-7520-4b4c-ada2-5a8bbf6decb1/44e3c987-ca73-492b-b64a-2af3abd1447e.zip?GoogleAccessId=service-806572063767@gcf-admin-robot.iam.gserviceaccount.com&Expires=1560378640&Signature=boLeQj%2BVcUPnnh9x%2BFUVGXVI2TZ0LUJy%2BVlnEe0xEbBKuUM6Qo2JOAc0w6Fox%2FR4tm82ILgCr%2BjgItdFDXWwKRYlAMMz7Ft90G9fjzgzh9iExE5CL7SnxKi%2FXM2Fpl6sWqd7bYJ8XHR2vj3N1ElUzv1z3%2FaHfXkWpIN5UeQDZNzg8zWfhLl5vringZujfTQuTlBFF67VXXSa4Bq%2FOvyucP1SnGwmTRSmgOpOTlfSSGPBU4iVjinVqTcmI%2FYmO5X3q1i8LmMy9h1MNpIbNc7ZNGWvgS5Tpldo2fxb3lO0pfUhbcNhS%2B1dVqLwEAcEFqU9eSt0a9d3fDzNdLy9AVTYHQ%3D%3D  

[debug] [2019-06-12T22:00:41.307Z] <<< HTTP RESPONSE 200
[info] ✔  functions: functions folder uploaded successfully
[info] i  database: releasing rules...
[debug] [2019-06-12T22:00:41.309Z] >>> HTTP REQUEST PUT https://check-tasks.firebaseio.com/.settings/rules.json  
 {
  "rules": {
    ".read": "auth != null",
    ".write": "auth != null"
  }
}
[debug] [2019-06-12T22:00:42.569Z] <<< HTTP RESPONSE 200
[info] ✔  database: rules for database check-tasks released successfully
[debug] [2019-06-12T22:00:42.574Z] >>> HTTP REQUEST GET https://cloudfunctions.googleapis.com/v1/projects/check-tasks/locations/-/functions  
 
[debug] [2019-06-12T22:00:43.933Z] <<< HTTP RESPONSE 200
[info] i  functions: updating Node.js 8 function shareList(us-central1)...
[debug] [2019-06-12T22:00:43.938Z] Trigger is:  {"eventTrigger":{"resource":"projects/_/instances/check-tasks/refs/TODO_ITEMS_META_LIST/{owner}/links/{listId}/sharing","eventType":"providers/google.firebase.database/eventTypes/ref.write","service":"firebaseio.com"}}
[info] 
The following functions are found in your project but do not exist in your local source code:
	helloWorld(us-central1)

If you are renaming a function or changing its region, it is recommended that you create the new function first before deleting the old one to prevent event loss. For more info, visit https://firebase.google.com/docs/functions/manage-functions#modify

